<?xml version="1.0" encoding="utf-8" standalone="no"?>
<test-results xmlns:xsi="http://www.w3.org/2001/XMLSchema-instance" xsi:noNamespaceSchemaLocation="nunit_schema_2.5.xsd" name="Pester" total="2" errors="0" failures="1" not-run="0" inconclusive="0" ignored="0" skipped="0" invalid="0" date="2025-09-18" time="12:03:06">
  <environment machine-name="LAPTOP-6RPDMSHG" clr-version="9.0.8" platform="Microsoft Windows 11 Pro|C:\WINDOWS|\Device\Harddisk0\Partition3" user-domain="LAPTOP-6RPDMSHG" user="thesh" cwd="C:\Users\thesh\Downloads\EnterpriseOpsToolkit_scaffold" os-version="10.0.26100" nunit-version="2.5.8.0" />
  <culture-info current-culture="en-US" current-uiculture="en-US" />
  <test-suite type="TestFixture" name="Pester" executed="True" result="Failure" success="False" time="3.2243" asserts="0" description="Pester">
    <results>
      <test-suite type="TestFixture" name="C:\Users\thesh\Downloads\EnterpriseOpsToolkit_scaffold\tests\EnterpriseOpsToolkit.Tests.ps1" executed="True" result="Failure" success="False" time="3.2243" asserts="0" description="C:\Users\thesh\Downloads\EnterpriseOpsToolkit_scaffold\tests\EnterpriseOpsToolkit.Tests.ps1">
        <results>
          <test-suite type="TestFixture" name="EnterpriseOpsToolkit basics" executed="True" result="Failure" success="False" time="1.0304" asserts="0" description="EnterpriseOpsToolkit basics">
            <results>
              <test-case description="exports key functions" name="EnterpriseOpsToolkit basics.exports key functions" time="0.712" asserts="0" success="True" result="Success" executed="True" />
              <test-case description="generates CA report (mock)" name="EnterpriseOpsToolkit basics.generates CA report (mock)" time="0.0757" asserts="0" success="False" result="Failure" executed="True">
                <failure>
                  <message>ItemNotFoundException: Cannot find path 'C:\Users\thesh\Downloads\EnterpriseOpsToolkit_scaffold\src\config\Dev.json' because it does not exist.</message>
                  <stack-trace>at Get-EotConditionalAccessReport&lt;Begin&gt;, C:\Users\thesh\Downloads\EnterpriseOpsToolkit_scaffold\src\Public\Get-EotConditionalAccessReport.ps1:14
at &lt;ScriptBlock&gt;, C:\Users\thesh\Downloads\EnterpriseOpsToolkit_scaffold\tests\EnterpriseOpsToolkit.Tests.ps1:13</stack-trace>
                </failure>
              </test-case>
            </results>
          </test-suite>
        </results>
      </test-suite>
    </results>
  </test-suite>
</test-results>